<?xml version="1.0" encoding="UTF-8"?>
<testsuite xmlns:xsi="http://www.w3.org/2001/XMLSchema-instance" xsi:noNamespaceSchemaLocation="https://maven.apache.org/surefire/maven-surefire-plugin/xsd/surefire-test-report.xsd" name="org.openapitools.client.model.AddressTest" time="0.001" tests="8" errors="0" skipped="0" failures="0">
  <properties>
[...]
</properties>
  <testcase name="stateTest" classname="org.openapitools.client.model.AddressTest" time="0"/>
  <testcase name="line1Test" classname="org.openapitools.client.model.AddressTest" time="0"/>
  <testcase name="line2Test" classname="org.openapitools.client.model.AddressTest" time="0"/>
  <testcase name="line3Test" classname="org.openapitools.client.model.AddressTest" time="0"/>
  <testcase name="testAddress" classname="org.openapitools.client.model.AddressTest" time="0.001"/>
  <testcase name="countryTest" classname="org.openapitools.client.model.AddressTest" time="0"/>
  <testcase name="cityTest" classname="org.openapitools.client.model.AddressTest" time="0"/>
  <testcase name="postalCodeTest" classname="org.openapitools.client.model.AddressTest" time="0"/>
</testsuite>